<?xml version="1.0" encoding="UTF-8"?>
<testng-results skipped="0" failed="0" total="2" passed="2">
  <reporter-output>
  </reporter-output>
  <suite name="S3 Test - Suite" duration-ms="182230" started-at="2019-02-08T08:28:08Z" finished-at="2019-02-08T08:31:10Z">
    <groups>
    </groups>
    <test name="Regression" duration-ms="182230" started-at="2019-02-08T08:28:08Z" finished-at="2019-02-08T08:31:10Z">
      <class name="smartworks.SmartWorks">
        <test-method status="PASS" signature="openBrowser()[pri:0, instance:smartworks.SmartWorks[frame0,0,0,696x486,hidden,layout=java.awt.BorderLayout,title=,resizable,normal,defaultCloseOperation=EXIT_ON_CLOSE,rootPane=javax.swing.JRootPane[,8,31,680x447,layout=javax.swing.JRootPane$RootLayout,alignmentX=0.0,alignmentY=0.0,border=,flags=16777673,maximumSize=,minimumSize=,preferredSize=],rootPaneCheckingEnabled=true]]" name="openBrowser" is-config="true" duration-ms="37245" started-at="2019-02-08T10:28:08Z" finished-at="2019-02-08T10:28:45Z">
          <reporter-output>
          </reporter-output>
        </test-method> <!-- openBrowser -->
        <test-method status="PASS" signature="addcus(java.lang.String, java.lang.String, java.lang.String, java.lang.String, java.lang.String, java.lang.String)[pri:0, instance:smartworks.SmartWorks[frame0,0,0,696x486,hidden,layout=java.awt.BorderLayout,title=,resizable,normal,defaultCloseOperation=EXIT_ON_CLOSE,rootPane=javax.swing.JRootPane[,8,31,680x447,layout=javax.swing.JRootPane$RootLayout,alignmentX=0.0,alignmentY=0.0,border=,flags=16777673,maximumSize=,minimumSize=,preferredSize=],rootPaneCheckingEnabled=true]]" name="addcus" duration-ms="78194" started-at="2019-02-08T10:28:45Z" data-provider="empLogin" finished-at="2019-02-08T10:30:03Z">
          <params>
            <param index="0">
              <value>
                <![CDATA[01010101022]]>
              </value>
            </param>
            <param index="1">
              <value>
                <![CDATA[N/A]]>
              </value>
            </param>
            <param index="2">
              <value>
                <![CDATA[STELLENBOSCH]]>
              </value>
            </param>
            <param index="3">
              <value>
                <![CDATA[DEFAULT DISPENSING POINT ELEC]]>
              </value>
            </param>
            <param index="4">
              <value>
                <![CDATA[Tier One Account]]>
              </value>
            </param>
            <param index="5">
              <value>
                <![CDATA[No Billing]]>
              </value>
            </param>
          </params>
          <reporter-output>
          </reporter-output>
        </test-method> <!-- addcus -->
        <test-method status="PASS" signature="addcus(java.lang.String, java.lang.String, java.lang.String, java.lang.String, java.lang.String, java.lang.String)[pri:0, instance:smartworks.SmartWorks[frame0,0,0,696x486,hidden,layout=java.awt.BorderLayout,title=,resizable,normal,defaultCloseOperation=EXIT_ON_CLOSE,rootPane=javax.swing.JRootPane[,8,31,680x447,layout=javax.swing.JRootPane$RootLayout,alignmentX=0.0,alignmentY=0.0,border=,flags=16777673,maximumSize=,minimumSize=,preferredSize=],rootPaneCheckingEnabled=true]]" name="addcus" duration-ms="66595" started-at="2019-02-08T10:30:03Z" data-provider="empLogin" finished-at="2019-02-08T10:31:10Z">
          <params>
            <param index="0">
              <value>
                <![CDATA[01010101023]]>
              </value>
            </param>
            <param index="1">
              <value>
                <![CDATA[N/A]]>
              </value>
            </param>
            <param index="2">
              <value>
                <![CDATA[STELLENBOSCH]]>
              </value>
            </param>
            <param index="3">
              <value>
                <![CDATA[DEFAULT DISPENSING POINT ELEC]]>
              </value>
            </param>
            <param index="4">
              <value>
                <![CDATA[Tier Two Account]]>
              </value>
            </param>
            <param index="5">
              <value>
                <![CDATA[No Billing]]>
              </value>
            </param>
          </params>
          <reporter-output>
          </reporter-output>
        </test-method> <!-- addcus -->
      </class> <!-- smartworks.SmartWorks -->
    </test> <!-- Regression -->
  </suite> <!-- S3 Test - Suite -->
</testng-results>
